[2025-07-04 09:14:01] INFO [admin] admin (1) - PAGE_VISIT - Visited page: /doc_tracking/RGVwRWRCQUNfaW5kZXgucGhw | Page: /doc_tracking/RGVwRWRCQUNfaW5kZXgucGhw | IP: ::1 | Office: unknown
[2025-07-04 09:14:02] INFO [admin] admin (1) - PAGE_VISIT - Visited page: /doc_tracking/RGVwRWRCQUNfaW5kZXgucGhw | Page: /doc_tracking/RGVwRWRCQUNfaW5kZXgucGhw | IP: ::1 | Office: unknown
[2025-07-04 09:14:03] INFO [admin] admin (1) - PAGE_VISIT - Visited page: /doc_tracking/RGVwRWRCQUNfY3JlYXRlX2FjY291bnQucGhw | Page: /doc_tracking/RGVwRWRCQUNfY3JlYXRlX2FjY291bnQucGhw | IP: ::1 | Office: unknown
[2025-07-04 09:14:05] INFO [admin] admin (1) - PAGE_VISIT - Visited page: /doc_tracking/RGVwRWRCQUNfaW5kZXgucGhw | Page: /doc_tracking/RGVwRWRCQUNfaW5kZXgucGhw | IP: ::1 | Office: unknown
[2025-07-04 09:14:07] INFO [admin] admin (1) - PAGE_VISIT - Visited page: /doc_tracking/RGVwRWRCQUNfbWFuYWdlX2FjY291bnRzLnBocA | Page: /doc_tracking/RGVwRWRCQUNfbWFuYWdlX2FjY291bnRzLnBocA | IP: ::1 | Office: unknown
[2025-07-04 09:14:08] INFO [admin] admin (1) - PAGE_VISIT - Visited page: /doc_tracking/RGVwRWRCQUNfaW5kZXgucGhw | Page: /doc_tracking/RGVwRWRCQUNfaW5kZXgucGhw | IP: ::1 | Office: unknown
[2025-07-04 09:14:12] INFO [admin] admin (1) - PAGE_VISIT - Visited page: /doc_tracking/RGVwRWRCQUNfaW5kZXgucGhw | Page: /doc_tracking/RGVwRWRCQUNfaW5kZXgucGhw | IP: ::1 | Office: unknown
[2025-07-04 09:15:16] INFO [admin] admin (1) - PAGE_VISIT - Visited page: /doc_tracking/RGVwRWRCQUNfaW5kZXgucGhw | Page: /doc_tracking/RGVwRWRCQUNfaW5kZXgucGhw | IP: ::1 | Office: unknown
[2025-07-04 09:15:16] INFO [admin] admin (1) - PAGE_VISIT - Visited page: /doc_tracking/RGVwRWRCQUNfaW5kZXgucGhw | Page: /doc_tracking/RGVwRWRCQUNfaW5kZXgucGhw | IP: ::1 | Office: unknown
[2025-07-04 09:15:17] INFO [admin] admin (1) - PAGE_VISIT - Visited page: /doc_tracking/RGVwRWRCQUNfaW5kZXgucGhw | Page: /doc_tracking/RGVwRWRCQUNfaW5kZXgucGhw | IP: ::1 | Office: unknown
[2025-07-04 09:15:17] INFO [admin] admin (1) - PAGE_VISIT - Visited page: /doc_tracking/RGVwRWRCQUNfaW5kZXgucGhw | Page: /doc_tracking/RGVwRWRCQUNfaW5kZXgucGhw | IP: ::1 | Office: unknown
[2025-07-04 03:15:18] INFO [admin] admin (1) - AUTH_LOGOUT - Authentication logout SUCCESS for user: admin - User logout | Page: /doc_tracking/RGVwRWRCQUNfbG9nb3V0LnBocA | IP: ::1 | Office: unknown | Data: {"username":"admin","success":true,"auth_action":"logout"}
[2025-07-04 03:16:24] INFO [admin] superadmin (99999) - AUTH_LOGOUT - Authentication logout SUCCESS for user: superadmin - User logout | Page: /doc_tracking/RGVwRWRCQUNfbG9nb3V0LnBocA | IP: ::1 | Office: unknown | Data: {"username":"superadmin","success":true,"auth_action":"logout"}
[2025-07-04 09:16:27] INFO [admin] admin (1) - AUTH_LOGIN - Authentication login SUCCESS for user: admin - Regular user login | Page: /doc_tracking/login.php | IP: ::1 | Office: OSDS | Data: {"username":"admin","success":true,"auth_action":"login"}
[2025-07-04 09:16:27] INFO [admin] admin (1) - PAGE_VISIT - Visited page: /doc_tracking/RGVwRWRCQUNfaW5kZXgucGhw | Page: /doc_tracking/RGVwRWRCQUNfaW5kZXgucGhw | IP: ::1 | Office: OSDS
[2025-07-04 09:16:32] INFO [admin] admin (1) - PAGE_VISIT - Visited page: /doc_tracking/RGVwRWRCQUNfaW5kZXgucGhw | Page: /doc_tracking/RGVwRWRCQUNfaW5kZXgucGhw | IP: ::1 | Office: OSDS
[2025-07-04 09:23:48] INFO [admin] admin (1) - AUTH_LOGIN - Authentication login SUCCESS for user: admin - Regular user login | Page: /doc_tracking/login.php | IP: ::1 | Office: OSDS | Data: {"username":"admin","success":true,"auth_action":"login"}
[2025-07-04 09:23:48] INFO [admin] admin (1) - PAGE_VISIT - Visited page: /doc_tracking/RGVwRWRCQUNfaW5kZXgucGhw | Page: /doc_tracking/RGVwRWRCQUNfaW5kZXgucGhw | IP: ::1 | Office: OSDS
[2025-07-04 09:25:51] INFO [admin] admin (1) - PAGE_VISIT - Visited page: /doc_tracking/RGVwRWRCQUNfaW5kZXgucGhw | Page: /doc_tracking/RGVwRWRCQUNfaW5kZXgucGhw | IP: ::1 | Office: OSDS
[2025-07-04 09:27:27] INFO [admin] admin (1) - PAGE_VISIT - Visited page: /doc_tracking/RGVwRWRCQUNfaW5kZXgucGhw | Page: /doc_tracking/RGVwRWRCQUNfaW5kZXgucGhw | IP: ::1 | Office: OSDS
[2025-07-04 09:28:26] INFO [admin] admin (1) - PAGE_VISIT - Visited page: /doc_tracking/RGVwRWRCQUNfY3JlYXRlX2FjY291bnQucGhw | Page: /doc_tracking/RGVwRWRCQUNfY3JlYXRlX2FjY291bnQucGhw | IP: ::1 | Office: OSDS
[2025-07-04 09:28:34] INFO [admin] admin (1) - PAGE_VISIT - Visited page: /doc_tracking/create_account.php | Page: /doc_tracking/create_account.php | IP: ::1 | Office: OSDS
[2025-07-04 09:28:34] AUDIT [admin] admin (1) - USER_MANAGEMENT - User management: CREATE user 'neqlcs' - Changes: user_id, firstname, lastname, username, admin, officeID - Account created by admin | Page: /doc_tracking/create_account.php | IP: ::1 | Office: OSDS | Data: {"action":"CREATE","target_user":"neqlcs","changes":{"user_id":"3","firstname":"Nico","lastname":"Lucas","username":"neqlcs","admin":0,"officeID":9}}
[2025-07-04 09:28:34] AUDIT [admin] admin (1) - DATABASE_OPERATION - Database INSERT on table 'tbluser' - New user account creation | Page: /doc_tracking/create_account.php | IP: ::1 | Office: OSDS | Data: {"operation":"INSERT","table":"tbluser","conditions":[],"affected_data":{"user_id":"3","firstname":"Nico","lastname":"Lucas","username":"neqlcs","admin":0,"officeID":9}}
[2025-07-04 09:28:39] INFO [admin] admin (1) - PAGE_VISIT - Visited page: /doc_tracking/RGVwRWRCQUNfbWFuYWdlX2FjY291bnRzLnBocA | Page: /doc_tracking/RGVwRWRCQUNfbWFuYWdlX2FjY291bnRzLnBocA | IP: ::1 | Office: OSDS
[2025-07-04 09:29:10] INFO [admin] admin (1) - PAGE_VISIT - Visited page: /doc_tracking/manage_accounts.php?delete=3 | Page: /doc_tracking/manage_accounts.php?delete=3 | IP: ::1 | Office: OSDS
[2025-07-04 09:29:10] AUDIT [admin] admin (1) - USER_MANAGEMENT - User management: DELETE user 'neqlcs' - Changes: user_id, full_name - Account deleted by admin | Page: /doc_tracking/manage_accounts.php?delete=3 | IP: ::1 | Office: OSDS | Data: {"action":"DELETE","target_user":"neqlcs","changes":{"user_id":3,"full_name":"Nico Lucas"}}
[2025-07-04 09:29:10] AUDIT [admin] admin (1) - DATABASE_OPERATION - Database DELETE on table 'tbluser' with conditions: {"userID":3} - User account deletion | Page: /doc_tracking/manage_accounts.php?delete=3 | IP: ::1 | Office: OSDS | Data: {"operation":"DELETE","table":"tbluser","conditions":{"userID":3},"affected_data":{"username":"neqlcs","firstname":"Nico","lastname":"Lucas"}}
[2025-07-04 09:29:20] INFO [admin] admin (1) - PAGE_VISIT - Visited page: /doc_tracking/RGVwRWRCQUNfY3JlYXRlX2FjY291bnQucGhw | Page: /doc_tracking/RGVwRWRCQUNfY3JlYXRlX2FjY291bnQucGhw | IP: ::1 | Office: OSDS
[2025-07-04 09:29:35] INFO [admin] admin (1) - PAGE_VISIT - Visited page: /doc_tracking/RGVwRWRCQUNfaW5kZXgucGhw | Page: /doc_tracking/RGVwRWRCQUNfaW5kZXgucGhw | IP: ::1 | Office: OSDS
[2025-07-04 09:29:41] INFO [admin] admin (1) - PAGE_VISIT - Visited page: /doc_tracking/RGVwRWRCQUNfY3JlYXRlX2FjY291bnQucGhw | Page: /doc_tracking/RGVwRWRCQUNfY3JlYXRlX2FjY291bnQucGhw | IP: ::1 | Office: OSDS
[2025-07-04 09:29:47] INFO [admin] admin (1) - PAGE_VISIT - Visited page: /doc_tracking/create_account.php | Page: /doc_tracking/create_account.php | IP: ::1 | Office: OSDS
[2025-07-04 09:29:47] AUDIT [admin] admin (1) - USER_MANAGEMENT - User management: CREATE user 'neqlcs' - Changes: user_id, firstname, lastname, username, admin, officeID - Account created by admin | Page: /doc_tracking/create_account.php | IP: ::1 | Office: OSDS | Data: {"action":"CREATE","target_user":"neqlcs","changes":{"user_id":"4","firstname":"Nico","lastname":"Lucas","username":"neqlcs","admin":0,"officeID":9}}
[2025-07-04 09:29:47] AUDIT [admin] admin (1) - DATABASE_OPERATION - Database INSERT on table 'tbluser' - New user account creation | Page: /doc_tracking/create_account.php | IP: ::1 | Office: OSDS | Data: {"operation":"INSERT","table":"tbluser","conditions":[],"affected_data":{"user_id":"4","firstname":"Nico","lastname":"Lucas","username":"neqlcs","admin":0,"officeID":9}}
[2025-07-04 09:29:48] INFO [admin] admin (1) - PAGE_VISIT - Visited page: /doc_tracking/RGVwRWRCQUNfaW5kZXgucGhw | Page: /doc_tracking/RGVwRWRCQUNfaW5kZXgucGhw | IP: ::1 | Office: OSDS
[2025-07-04 03:29:51] INFO [admin] admin (1) - AUTH_LOGOUT - Authentication logout SUCCESS for user: admin - User logout | Page: /doc_tracking/RGVwRWRCQUNfbG9nb3V0LnBocA | IP: ::1 | Office: OSDS | Data: {"username":"admin","success":true,"auth_action":"logout"}
[2025-07-04 09:30:36] INFO [admin] admin (1) - AUTH_LOGIN - Authentication login SUCCESS for user: admin - Regular user login | Page: /doc_tracking/login.php | IP: ::1 | Office: OSDS | Data: {"username":"admin","success":true,"auth_action":"login"}
[2025-07-04 09:30:36] INFO [admin] admin (1) - PAGE_VISIT - Visited page: /doc_tracking/RGVwRWRCQUNfaW5kZXgucGhw | Page: /doc_tracking/RGVwRWRCQUNfaW5kZXgucGhw | IP: ::1 | Office: OSDS
[2025-07-04 09:30:40] INFO [admin] admin (1) - PAGE_VISIT - Visited page: /doc_tracking/RGVwRWRCQUNfbWFuYWdlX2FjY291bnRzLnBocA | Page: /doc_tracking/RGVwRWRCQUNfbWFuYWdlX2FjY291bnRzLnBocA | IP: ::1 | Office: OSDS
[2025-07-04 09:30:43] INFO [admin] admin (1) - PAGE_VISIT - Visited page: /doc_tracking/manage_accounts.php?delete=4 | Page: /doc_tracking/manage_accounts.php?delete=4 | IP: ::1 | Office: OSDS
[2025-07-04 09:30:43] AUDIT [admin] admin (1) - USER_MANAGEMENT - User management: DELETE user 'neqlcs' - Changes: user_id, full_name - Account deleted by admin | Page: /doc_tracking/manage_accounts.php?delete=4 | IP: ::1 | Office: OSDS | Data: {"action":"DELETE","target_user":"neqlcs","changes":{"user_id":4,"full_name":"Nico Lucas"}}
[2025-07-04 09:30:43] AUDIT [admin] admin (1) - DATABASE_OPERATION - Database DELETE on table 'tbluser' with conditions: {"userID":4} - User account deletion | Page: /doc_tracking/manage_accounts.php?delete=4 | IP: ::1 | Office: OSDS | Data: {"operation":"DELETE","table":"tbluser","conditions":{"userID":4},"affected_data":{"username":"neqlcs","firstname":"Nico","lastname":"Lucas"}}
[2025-07-04 09:31:00] INFO [admin] admin (1) - PAGE_VISIT - Visited page: /doc_tracking/RGVwRWRCQUNfY3JlYXRlX2FjY291bnQucGhw | Page: /doc_tracking/RGVwRWRCQUNfY3JlYXRlX2FjY291bnQucGhw | IP: ::1 | Office: OSDS
[2025-07-04 03:31:04] INFO [admin] admin (1) - AUTH_LOGOUT - Authentication logout SUCCESS for user: admin - User logout | Page: /doc_tracking/RGVwRWRCQUNfbG9nb3V0LnBocA | IP: ::1 | Office: OSDS | Data: {"username":"admin","success":true,"auth_action":"logout"}
[2025-07-04 09:31:11] INFO [admin] admin (1) - AUTH_LOGIN - Authentication login SUCCESS for user: admin - Regular user login | Page: /doc_tracking/login.php | IP: ::1 | Office: OSDS | Data: {"username":"admin","success":true,"auth_action":"login"}
[2025-07-04 09:31:11] INFO [admin] admin (1) - PAGE_VISIT - Visited page: /doc_tracking/RGVwRWRCQUNfaW5kZXgucGhw | Page: /doc_tracking/RGVwRWRCQUNfaW5kZXgucGhw | IP: ::1 | Office: OSDS
[2025-07-04 09:31:14] INFO [admin] admin (1) - PAGE_VISIT - Visited page: /doc_tracking/RGVwRWRCQUNfbWFuYWdlX2FjY291bnRzLnBocA | Page: /doc_tracking/RGVwRWRCQUNfbWFuYWdlX2FjY291bnRzLnBocA | IP: ::1 | Office: OSDS
[2025-07-04 09:31:24] INFO [admin] admin (1) - PAGE_VISIT - Visited page: /doc_tracking/manage_accounts.php | Page: /doc_tracking/manage_accounts.php | IP: ::1 | Office: OSDS
[2025-07-04 09:31:24] AUDIT [admin] admin (1) - USER_MANAGEMENT - User management: EDIT user 'user' - Changes: firstname, lastname, username, password, admin, officeID - Account updated by admin | Page: /doc_tracking/manage_accounts.php | IP: ::1 | Office: OSDS | Data: {"action":"EDIT","target_user":"user","changes":{"firstname":"User","lastname":"User","username":"user","password":"CHANGED","admin":0,"officeID":2}}
[2025-07-04 09:31:24] AUDIT [admin] admin (1) - DATABASE_OPERATION - Database UPDATE on table 'tbluser' with conditions: {"userID":2} - User account modification | Page: /doc_tracking/manage_accounts.php | IP: ::1 | Office: OSDS | Data: {"operation":"UPDATE","table":"tbluser","conditions":{"userID":2},"affected_data":{"firstname":"User","lastname":"User","username":"user","password":"CHANGED","admin":0,"officeID":2}}
[2025-07-04 03:31:39] INFO [admin] admin (1) - AUTH_LOGOUT - Authentication logout SUCCESS for user: admin - User logout | Page: /doc_tracking/RGVwRWRCQUNfbG9nb3V0LnBocA | IP: ::1 | Office: OSDS | Data: {"username":"admin","success":true,"auth_action":"logout"}
[2025-07-04 09:44:34] INFO [admin] admin (1) - AUTH_LOGIN - Authentication login SUCCESS for user: admin - Regular user login | Page: /doc_tracking/login.php | IP: ::1 | Office: OSDS | Data: {"username":"admin","success":true,"auth_action":"login"}
[2025-07-04 09:44:34] INFO [admin] admin (1) - PAGE_VISIT - Visited page: /doc_tracking/RGVwRWRCQUNfaW5kZXgucGhw | Page: /doc_tracking/RGVwRWRCQUNfaW5kZXgucGhw | IP: ::1 | Office: OSDS
[2025-07-04 09:44:46] INFO [admin] admin (1) - PAGE_VISIT - Visited page: /doc_tracking/RGVwRWRCQUNfaW5kZXgucGhw | Page: /doc_tracking/RGVwRWRCQUNfaW5kZXgucGhw | IP: ::1 | Office: OSDS
[2025-07-04 09:44:54] INFO [admin] admin (1) - PAGE_VISIT - Visited page: /doc_tracking/RGVwRWRCQUNfaW5kZXgucGhw | Page: /doc_tracking/RGVwRWRCQUNfaW5kZXgucGhw | IP: ::1 | Office: OSDS
[2025-07-04 09:44:59] INFO [admin] admin (1) - PAGE_VISIT - Visited page: /doc_tracking/RGVwRWRCQUNfaW5kZXgucGhw | Page: /doc_tracking/RGVwRWRCQUNfaW5kZXgucGhw | IP: ::1 | Office: OSDS
[2025-07-04 09:44:59] INFO [admin] admin (1) - Project Created - Created new project with PR Number: 255661 | Page: /doc_tracking/RGVwRWRCQUNfaW5kZXgucGhw | IP: ::1 | Office: OSDS
[2025-07-04 09:44:59] INFO [admin] admin (1) - PAGE_VISIT - Visited page: /doc_tracking/index.php | Page: /doc_tracking/index.php | IP: ::1 | Office: OSDS
[2025-07-04 03:45:54] INFO [admin] admin (1) - AUTH_LOGOUT - Authentication logout SUCCESS for user: admin - User logout | Page: /doc_tracking/RGVwRWRCQUNfbG9nb3V0LnBocA | IP: ::1 | Office: OSDS | Data: {"username":"admin","success":true,"auth_action":"logout"}
[2025-07-04 09:46:00] INFO [admin] admin (1) - AUTH_LOGIN - Authentication login SUCCESS for user: admin - Regular user login | Page: /doc_tracking/login.php | IP: ::1 | Office: OSDS | Data: {"username":"admin","success":true,"auth_action":"login"}
[2025-07-04 09:46:01] INFO [admin] admin (1) - PAGE_VISIT - Visited page: /doc_tracking/RGVwRWRCQUNfaW5kZXgucGhw | Page: /doc_tracking/RGVwRWRCQUNfaW5kZXgucGhw | IP: ::1 | Office: OSDS
[2025-07-04 09:46:08] INFO [admin] admin (1) - PAGE_VISIT - Visited page: /doc_tracking/RGVwRWRCQUNfcHJvamVjdF90cmFja2VyLnBocD9zdGF0dXM9ZG9uZQ | Page: /doc_tracking/RGVwRWRCQUNfcHJvamVjdF90cmFja2VyLnBocD9zdGF0dXM9ZG9uZQ | IP: ::1 | Office: OSDS
[2025-07-04 09:46:08] INFO [admin] admin (1) - VIEW_PROJECTS - Accessed project tracker dashboard with filter: done | Page: /doc_tracking/RGVwRWRCQUNfcHJvamVjdF90cmFja2VyLnBocD9zdGF0dXM9ZG9uZQ | IP: ::1 | Office: OSDS | Data: {"filter":"done","project_count":6}
[2025-07-04 09:46:10] INFO [admin] admin (1) - PAGE_VISIT - Visited page: /doc_tracking/RGVwRWRCQUNfaW5kZXgucGhwP3Nob3dfc3RhdHM9dHJ1ZQ | Page: /doc_tracking/RGVwRWRCQUNfaW5kZXgucGhwP3Nob3dfc3RhdHM9dHJ1ZQ | IP: ::1 | Office: OSDS
[2025-07-04 09:46:12] INFO [admin] admin (1) - PAGE_VISIT - Visited page: /doc_tracking/RGVwRWRCQUNfcHJvamVjdF90cmFja2VyLnBocD9zdGF0dXM9b25nb2luZw | Page: /doc_tracking/RGVwRWRCQUNfcHJvamVjdF90cmFja2VyLnBocD9zdGF0dXM9b25nb2luZw | IP: ::1 | Office: OSDS
[2025-07-04 09:46:12] INFO [admin] admin (1) - VIEW_PROJECTS - Accessed project tracker dashboard with filter: ongoing | Page: /doc_tracking/RGVwRWRCQUNfcHJvamVjdF90cmFja2VyLnBocD9zdGF0dXM9b25nb2luZw | IP: ::1 | Office: OSDS | Data: {"filter":"ongoing","project_count":22}
[2025-07-04 09:46:21] INFO [admin] admin (1) - PAGE_VISIT - Visited page: /doc_tracking/RGVwRWRCQUNfaW5kZXgucGhwP3Nob3dfc3RhdHM9dHJ1ZQ | Page: /doc_tracking/RGVwRWRCQUNfaW5kZXgucGhwP3Nob3dfc3RhdHM9dHJ1ZQ | IP: ::1 | Office: OSDS
[2025-07-04 09:46:23] INFO [admin] admin (1) - PAGE_VISIT - Visited page: /doc_tracking/RGVwRWRCQUNfcHJvamVjdF90cmFja2VyLnBocD9zdGF0dXM9ZG9uZQ | Page: /doc_tracking/RGVwRWRCQUNfcHJvamVjdF90cmFja2VyLnBocD9zdGF0dXM9ZG9uZQ | IP: ::1 | Office: OSDS
[2025-07-04 09:46:23] INFO [admin] admin (1) - VIEW_PROJECTS - Accessed project tracker dashboard with filter: done | Page: /doc_tracking/RGVwRWRCQUNfcHJvamVjdF90cmFja2VyLnBocD9zdGF0dXM9ZG9uZQ | IP: ::1 | Office: OSDS | Data: {"filter":"done","project_count":6}
[2025-07-04 09:46:27] INFO [admin] admin (1) - PAGE_VISIT - Visited page: /doc_tracking/RGVwRWRCQUNfaW5kZXgucGhwP3Nob3dfc3RhdHM9dHJ1ZQ | Page: /doc_tracking/RGVwRWRCQUNfaW5kZXgucGhwP3Nob3dfc3RhdHM9dHJ1ZQ | IP: ::1 | Office: OSDS
[2025-07-04 09:46:28] INFO [admin] admin (1) - PAGE_VISIT - Visited page: /doc_tracking/RGVwRWRCQUNfcHJvamVjdF90cmFja2VyLnBocD9zdGF0dXM9b25nb2luZw | Page: /doc_tracking/RGVwRWRCQUNfcHJvamVjdF90cmFja2VyLnBocD9zdGF0dXM9b25nb2luZw | IP: ::1 | Office: OSDS
[2025-07-04 09:46:28] INFO [admin] admin (1) - VIEW_PROJECTS - Accessed project tracker dashboard with filter: ongoing | Page: /doc_tracking/RGVwRWRCQUNfcHJvamVjdF90cmFja2VyLnBocD9zdGF0dXM9b25nb2luZw | IP: ::1 | Office: OSDS | Data: {"filter":"ongoing","project_count":22}
[2025-07-04 09:46:31] INFO [admin] admin (1) - PAGE_VISIT - Visited page: /doc_tracking/RGVwRWRCQUNfaW5kZXgucGhwP3Nob3dfc3RhdHM9dHJ1ZQ | Page: /doc_tracking/RGVwRWRCQUNfaW5kZXgucGhwP3Nob3dfc3RhdHM9dHJ1ZQ | IP: ::1 | Office: OSDS
[2025-07-04 09:47:10] INFO [admin] admin (1) - PAGE_VISIT - Visited page: /doc_tracking/RGVwRWRCQUNfcHJvamVjdF90cmFja2VyLnBocD9zdGF0dXM9b25nb2luZw | Page: /doc_tracking/RGVwRWRCQUNfcHJvamVjdF90cmFja2VyLnBocD9zdGF0dXM9b25nb2luZw | IP: ::1 | Office: OSDS
[2025-07-04 09:47:10] INFO [admin] admin (1) - VIEW_PROJECTS - Accessed project tracker dashboard with filter: ongoing | Page: /doc_tracking/RGVwRWRCQUNfcHJvamVjdF90cmFja2VyLnBocD9zdGF0dXM9b25nb2luZw | IP: ::1 | Office: OSDS | Data: {"filter":"ongoing","project_count":22}
[2025-07-04 09:47:11] INFO [admin] admin (1) - PAGE_VISIT - Visited page: /doc_tracking/RGVwRWRCQUNfcHJvamVjdF90cmFja2VyLnBocD9zdGF0dXM9b25nb2luZw | Page: /doc_tracking/RGVwRWRCQUNfcHJvamVjdF90cmFja2VyLnBocD9zdGF0dXM9b25nb2luZw | IP: ::1 | Office: OSDS
[2025-07-04 09:47:11] INFO [admin] admin (1) - VIEW_PROJECTS - Accessed project tracker dashboard with filter: ongoing | Page: /doc_tracking/RGVwRWRCQUNfcHJvamVjdF90cmFja2VyLnBocD9zdGF0dXM9b25nb2luZw | IP: ::1 | Office: OSDS | Data: {"filter":"ongoing","project_count":22}
[2025-07-04 09:47:12] INFO [admin] admin (1) - PAGE_VISIT - Visited page: /doc_tracking/RGVwRWRCQUNfcHJvamVjdF90cmFja2VyLnBocD9zdGF0dXM9b25nb2luZw | Page: /doc_tracking/RGVwRWRCQUNfcHJvamVjdF90cmFja2VyLnBocD9zdGF0dXM9b25nb2luZw | IP: ::1 | Office: OSDS
[2025-07-04 09:47:12] INFO [admin] admin (1) - VIEW_PROJECTS - Accessed project tracker dashboard with filter: ongoing | Page: /doc_tracking/RGVwRWRCQUNfcHJvamVjdF90cmFja2VyLnBocD9zdGF0dXM9b25nb2luZw | IP: ::1 | Office: OSDS | Data: {"filter":"ongoing","project_count":22}
[2025-07-04 09:47:12] INFO [admin] admin (1) - PAGE_VISIT - Visited page: /doc_tracking/RGVwRWRCQUNfcHJvamVjdF90cmFja2VyLnBocD9zdGF0dXM9b25nb2luZw | Page: /doc_tracking/RGVwRWRCQUNfcHJvamVjdF90cmFja2VyLnBocD9zdGF0dXM9b25nb2luZw | IP: ::1 | Office: OSDS
[2025-07-04 09:47:12] INFO [admin] admin (1) - VIEW_PROJECTS - Accessed project tracker dashboard with filter: ongoing | Page: /doc_tracking/RGVwRWRCQUNfcHJvamVjdF90cmFja2VyLnBocD9zdGF0dXM9b25nb2luZw | IP: ::1 | Office: OSDS | Data: {"filter":"ongoing","project_count":22}
[2025-07-04 09:47:12] INFO [admin] admin (1) - PAGE_VISIT - Visited page: /doc_tracking/RGVwRWRCQUNfcHJvamVjdF90cmFja2VyLnBocD9zdGF0dXM9b25nb2luZw | Page: /doc_tracking/RGVwRWRCQUNfcHJvamVjdF90cmFja2VyLnBocD9zdGF0dXM9b25nb2luZw | IP: ::1 | Office: OSDS
[2025-07-04 09:47:12] INFO [admin] admin (1) - VIEW_PROJECTS - Accessed project tracker dashboard with filter: ongoing | Page: /doc_tracking/RGVwRWRCQUNfcHJvamVjdF90cmFja2VyLnBocD9zdGF0dXM9b25nb2luZw | IP: ::1 | Office: OSDS | Data: {"filter":"ongoing","project_count":22}
[2025-07-04 09:47:13] INFO [admin] admin (1) - PAGE_VISIT - Visited page: /doc_tracking/RGVwRWRCQUNfcHJvamVjdF90cmFja2VyLnBocD9zdGF0dXM9b25nb2luZw | Page: /doc_tracking/RGVwRWRCQUNfcHJvamVjdF90cmFja2VyLnBocD9zdGF0dXM9b25nb2luZw | IP: ::1 | Office: OSDS
[2025-07-04 09:47:13] INFO [admin] admin (1) - VIEW_PROJECTS - Accessed project tracker dashboard with filter: ongoing | Page: /doc_tracking/RGVwRWRCQUNfcHJvamVjdF90cmFja2VyLnBocD9zdGF0dXM9b25nb2luZw | IP: ::1 | Office: OSDS | Data: {"filter":"ongoing","project_count":22}
[2025-07-04 09:48:23] INFO [admin] admin (1) - PAGE_VISIT - Visited page: /doc_tracking/RGVwRWRCQUNfcHJvamVjdF90cmFja2VyLnBocD9zdGF0dXM9b25nb2luZw | Page: /doc_tracking/RGVwRWRCQUNfcHJvamVjdF90cmFja2VyLnBocD9zdGF0dXM9b25nb2luZw | IP: ::1 | Office: OSDS
[2025-07-04 09:48:23] INFO [admin] admin (1) - VIEW_PROJECTS - Accessed project tracker dashboard with filter: ongoing | Page: /doc_tracking/RGVwRWRCQUNfcHJvamVjdF90cmFja2VyLnBocD9zdGF0dXM9b25nb2luZw | IP: ::1 | Office: OSDS | Data: {"filter":"ongoing","project_count":22}
[2025-07-04 09:48:23] INFO [admin] admin (1) - PAGE_VISIT - Visited page: /doc_tracking/RGVwRWRCQUNfcHJvamVjdF90cmFja2VyLnBocD9zdGF0dXM9b25nb2luZw | Page: /doc_tracking/RGVwRWRCQUNfcHJvamVjdF90cmFja2VyLnBocD9zdGF0dXM9b25nb2luZw | IP: ::1 | Office: OSDS
[2025-07-04 09:48:23] INFO [admin] admin (1) - VIEW_PROJECTS - Accessed project tracker dashboard with filter: ongoing | Page: /doc_tracking/RGVwRWRCQUNfcHJvamVjdF90cmFja2VyLnBocD9zdGF0dXM9b25nb2luZw | IP: ::1 | Office: OSDS | Data: {"filter":"ongoing","project_count":22}
[2025-07-04 09:48:24] INFO [admin] admin (1) - PAGE_VISIT - Visited page: /doc_tracking/RGVwRWRCQUNfcHJvamVjdF90cmFja2VyLnBocD9zdGF0dXM9b25nb2luZw | Page: /doc_tracking/RGVwRWRCQUNfcHJvamVjdF90cmFja2VyLnBocD9zdGF0dXM9b25nb2luZw | IP: ::1 | Office: OSDS
[2025-07-04 09:48:24] INFO [admin] admin (1) - VIEW_PROJECTS - Accessed project tracker dashboard with filter: ongoing | Page: /doc_tracking/RGVwRWRCQUNfcHJvamVjdF90cmFja2VyLnBocD9zdGF0dXM9b25nb2luZw | IP: ::1 | Office: OSDS | Data: {"filter":"ongoing","project_count":22}
[2025-07-04 09:48:24] INFO [admin] admin (1) - PAGE_VISIT - Visited page: /doc_tracking/RGVwRWRCQUNfcHJvamVjdF90cmFja2VyLnBocD9zdGF0dXM9b25nb2luZw | Page: /doc_tracking/RGVwRWRCQUNfcHJvamVjdF90cmFja2VyLnBocD9zdGF0dXM9b25nb2luZw | IP: ::1 | Office: OSDS
[2025-07-04 09:48:24] INFO [admin] admin (1) - VIEW_PROJECTS - Accessed project tracker dashboard with filter: ongoing | Page: /doc_tracking/RGVwRWRCQUNfcHJvamVjdF90cmFja2VyLnBocD9zdGF0dXM9b25nb2luZw | IP: ::1 | Office: OSDS | Data: {"filter":"ongoing","project_count":22}
[2025-07-04 09:48:24] INFO [admin] admin (1) - PAGE_VISIT - Visited page: /doc_tracking/RGVwRWRCQUNfcHJvamVjdF90cmFja2VyLnBocD9zdGF0dXM9b25nb2luZw | Page: /doc_tracking/RGVwRWRCQUNfcHJvamVjdF90cmFja2VyLnBocD9zdGF0dXM9b25nb2luZw | IP: ::1 | Office: OSDS
[2025-07-04 09:48:24] INFO [admin] admin (1) - VIEW_PROJECTS - Accessed project tracker dashboard with filter: ongoing | Page: /doc_tracking/RGVwRWRCQUNfcHJvamVjdF90cmFja2VyLnBocD9zdGF0dXM9b25nb2luZw | IP: ::1 | Office: OSDS | Data: {"filter":"ongoing","project_count":22}
[2025-07-04 09:48:24] INFO [admin] admin (1) - PAGE_VISIT - Visited page: /doc_tracking/RGVwRWRCQUNfcHJvamVjdF90cmFja2VyLnBocD9zdGF0dXM9b25nb2luZw | Page: /doc_tracking/RGVwRWRCQUNfcHJvamVjdF90cmFja2VyLnBocD9zdGF0dXM9b25nb2luZw | IP: ::1 | Office: OSDS
[2025-07-04 09:48:24] INFO [admin] admin (1) - VIEW_PROJECTS - Accessed project tracker dashboard with filter: ongoing | Page: /doc_tracking/RGVwRWRCQUNfcHJvamVjdF90cmFja2VyLnBocD9zdGF0dXM9b25nb2luZw | IP: ::1 | Office: OSDS | Data: {"filter":"ongoing","project_count":22}
[2025-07-04 09:48:25] INFO [admin] admin (1) - PAGE_VISIT - Visited page: /doc_tracking/RGVwRWRCQUNfcHJvamVjdF90cmFja2VyLnBocD9zdGF0dXM9b25nb2luZw | Page: /doc_tracking/RGVwRWRCQUNfcHJvamVjdF90cmFja2VyLnBocD9zdGF0dXM9b25nb2luZw | IP: ::1 | Office: OSDS
[2025-07-04 09:48:25] INFO [admin] admin (1) - VIEW_PROJECTS - Accessed project tracker dashboard with filter: ongoing | Page: /doc_tracking/RGVwRWRCQUNfcHJvamVjdF90cmFja2VyLnBocD9zdGF0dXM9b25nb2luZw | IP: ::1 | Office: OSDS | Data: {"filter":"ongoing","project_count":22}
[2025-07-04 09:48:25] INFO [admin] admin (1) - PAGE_VISIT - Visited page: /doc_tracking/RGVwRWRCQUNfcHJvamVjdF90cmFja2VyLnBocD9zdGF0dXM9b25nb2luZw | Page: /doc_tracking/RGVwRWRCQUNfcHJvamVjdF90cmFja2VyLnBocD9zdGF0dXM9b25nb2luZw | IP: ::1 | Office: OSDS
[2025-07-04 09:48:25] INFO [admin] admin (1) - VIEW_PROJECTS - Accessed project tracker dashboard with filter: ongoing | Page: /doc_tracking/RGVwRWRCQUNfcHJvamVjdF90cmFja2VyLnBocD9zdGF0dXM9b25nb2luZw | IP: ::1 | Office: OSDS | Data: {"filter":"ongoing","project_count":22}
[2025-07-04 09:48:25] INFO [admin] admin (1) - PAGE_VISIT - Visited page: /doc_tracking/RGVwRWRCQUNfcHJvamVjdF90cmFja2VyLnBocD9zdGF0dXM9b25nb2luZw | Page: /doc_tracking/RGVwRWRCQUNfcHJvamVjdF90cmFja2VyLnBocD9zdGF0dXM9b25nb2luZw | IP: ::1 | Office: OSDS
[2025-07-04 09:48:25] INFO [admin] admin (1) - VIEW_PROJECTS - Accessed project tracker dashboard with filter: ongoing | Page: /doc_tracking/RGVwRWRCQUNfcHJvamVjdF90cmFja2VyLnBocD9zdGF0dXM9b25nb2luZw | IP: ::1 | Office: OSDS | Data: {"filter":"ongoing","project_count":22}
[2025-07-04 09:48:25] INFO [admin] admin (1) - PAGE_VISIT - Visited page: /doc_tracking/RGVwRWRCQUNfcHJvamVjdF90cmFja2VyLnBocD9zdGF0dXM9b25nb2luZw | Page: /doc_tracking/RGVwRWRCQUNfcHJvamVjdF90cmFja2VyLnBocD9zdGF0dXM9b25nb2luZw | IP: ::1 | Office: OSDS
[2025-07-04 09:48:25] INFO [admin] admin (1) - VIEW_PROJECTS - Accessed project tracker dashboard with filter: ongoing | Page: /doc_tracking/RGVwRWRCQUNfcHJvamVjdF90cmFja2VyLnBocD9zdGF0dXM9b25nb2luZw | IP: ::1 | Office: OSDS | Data: {"filter":"ongoing","project_count":22}
[2025-07-04 09:48:25] INFO [admin] admin (1) - PAGE_VISIT - Visited page: /doc_tracking/RGVwRWRCQUNfcHJvamVjdF90cmFja2VyLnBocD9zdGF0dXM9b25nb2luZw | Page: /doc_tracking/RGVwRWRCQUNfcHJvamVjdF90cmFja2VyLnBocD9zdGF0dXM9b25nb2luZw | IP: ::1 | Office: OSDS
[2025-07-04 09:48:25] INFO [admin] admin (1) - VIEW_PROJECTS - Accessed project tracker dashboard with filter: ongoing | Page: /doc_tracking/RGVwRWRCQUNfcHJvamVjdF90cmFja2VyLnBocD9zdGF0dXM9b25nb2luZw | IP: ::1 | Office: OSDS | Data: {"filter":"ongoing","project_count":22}
[2025-07-04 09:48:29] INFO [admin] admin (1) - PAGE_VISIT - Visited page: /doc_tracking/RGVwRWRCQUNfcHJvamVjdF90cmFja2VyLnBocD9zdGF0dXM9b25nb2luZw | Page: /doc_tracking/RGVwRWRCQUNfcHJvamVjdF90cmFja2VyLnBocD9zdGF0dXM9b25nb2luZw | IP: ::1 | Office: OSDS
[2025-07-04 09:48:29] INFO [admin] admin (1) - VIEW_PROJECTS - Accessed project tracker dashboard with filter: ongoing | Page: /doc_tracking/RGVwRWRCQUNfcHJvamVjdF90cmFja2VyLnBocD9zdGF0dXM9b25nb2luZw | IP: ::1 | Office: OSDS | Data: {"filter":"ongoing","project_count":22}
[2025-07-04 09:48:44] INFO [admin] admin (1) - PAGE_VISIT - Visited page: /doc_tracking/RGVwRWRCQUNfcHJvamVjdF90cmFja2VyLnBocD9zdGF0dXM9b25nb2luZw | Page: /doc_tracking/RGVwRWRCQUNfcHJvamVjdF90cmFja2VyLnBocD9zdGF0dXM9b25nb2luZw | IP: ::1 | Office: OSDS
[2025-07-04 09:48:44] INFO [admin] admin (1) - VIEW_PROJECTS - Accessed project tracker dashboard with filter: ongoing | Page: /doc_tracking/RGVwRWRCQUNfcHJvamVjdF90cmFja2VyLnBocD9zdGF0dXM9b25nb2luZw | IP: ::1 | Office: OSDS | Data: {"filter":"ongoing","project_count":22}
[2025-07-04 09:48:55] INFO [admin] admin (1) - PAGE_VISIT - Visited page: /doc_tracking/RGVwRWRCQUNfcHJvamVjdF90cmFja2VyLnBocD9zdGF0dXM9b25nb2luZw | Page: /doc_tracking/RGVwRWRCQUNfcHJvamVjdF90cmFja2VyLnBocD9zdGF0dXM9b25nb2luZw | IP: ::1 | Office: OSDS
[2025-07-04 09:48:55] INFO [admin] admin (1) - VIEW_PROJECTS - Accessed project tracker dashboard with filter: ongoing | Page: /doc_tracking/RGVwRWRCQUNfcHJvamVjdF90cmFja2VyLnBocD9zdGF0dXM9b25nb2luZw | IP: ::1 | Office: OSDS | Data: {"filter":"ongoing","project_count":22}
[2025-07-04 09:49:08] INFO [admin] admin (1) - PAGE_VISIT - Visited page: /doc_tracking/RGVwRWRCQUNfaW5kZXgucGhwP3Nob3dfc3RhdHM9dHJ1ZQ | Page: /doc_tracking/RGVwRWRCQUNfaW5kZXgucGhwP3Nob3dfc3RhdHM9dHJ1ZQ | IP: ::1 | Office: OSDS
[2025-07-04 09:49:09] INFO [admin] admin (1) - PAGE_VISIT - Visited page: /doc_tracking/RGVwRWRCQUNfaW5kZXgucGhwP3Nob3dfc3RhdHM9dHJ1ZQ | Page: /doc_tracking/RGVwRWRCQUNfaW5kZXgucGhwP3Nob3dfc3RhdHM9dHJ1ZQ | IP: ::1 | Office: OSDS
[2025-07-04 09:49:10] INFO [admin] admin (1) - PAGE_VISIT - Visited page: /doc_tracking/RGVwRWRCQUNfaW5kZXgucGhwP3Nob3dfc3RhdHM9dHJ1ZQ | Page: /doc_tracking/RGVwRWRCQUNfaW5kZXgucGhwP3Nob3dfc3RhdHM9dHJ1ZQ | IP: ::1 | Office: OSDS
[2025-07-04 09:49:10] INFO [admin] admin (1) - PAGE_VISIT - Visited page: /doc_tracking/RGVwRWRCQUNfaW5kZXgucGhwP3Nob3dfc3RhdHM9dHJ1ZQ | Page: /doc_tracking/RGVwRWRCQUNfaW5kZXgucGhwP3Nob3dfc3RhdHM9dHJ1ZQ | IP: ::1 | Office: OSDS
[2025-07-04 09:49:22] INFO [admin] admin (1) - PAGE_VISIT - Visited page: /doc_tracking/RGVwRWRCQUNfcHJvamVjdF90cmFja2VyLnBocD9zdGF0dXM9ZG9uZQ | Page: /doc_tracking/RGVwRWRCQUNfcHJvamVjdF90cmFja2VyLnBocD9zdGF0dXM9ZG9uZQ | IP: ::1 | Office: OSDS
[2025-07-04 09:49:22] INFO [admin] admin (1) - VIEW_PROJECTS - Accessed project tracker dashboard with filter: done | Page: /doc_tracking/RGVwRWRCQUNfcHJvamVjdF90cmFja2VyLnBocD9zdGF0dXM9ZG9uZQ | IP: ::1 | Office: OSDS | Data: {"filter":"done","project_count":6}
[2025-07-04 09:49:43] INFO [admin] admin (1) - PAGE_VISIT - Visited page: /doc_tracking/RGVwRWRCQUNfaW5kZXgucGhwP3Nob3dfc3RhdHM9dHJ1ZQ | Page: /doc_tracking/RGVwRWRCQUNfaW5kZXgucGhwP3Nob3dfc3RhdHM9dHJ1ZQ | IP: ::1 | Office: OSDS
[2025-07-04 03:50:35] INFO [admin] admin (1) - AUTH_LOGOUT - Authentication logout SUCCESS for user: admin - User logout | Page: /doc_tracking/RGVwRWRCQUNfbG9nb3V0LnBocA | IP: ::1 | Office: OSDS | Data: {"username":"admin","success":true,"auth_action":"logout"}
[2025-07-04 09:50:39] INFO [admin] admin (1) - AUTH_LOGIN - Authentication login SUCCESS for user: admin - Regular user login | Page: /doc_tracking/login.php | IP: 10.40.23.154 | Office: OSDS | Data: {"username":"admin","success":true,"auth_action":"login"}
[2025-07-04 09:50:39] INFO [admin] admin (1) - PAGE_VISIT - Visited page: /doc_tracking/RGVwRWRCQUNfaW5kZXgucGhw | Page: /doc_tracking/RGVwRWRCQUNfaW5kZXgucGhw | IP: 10.40.23.154 | Office: OSDS
[2025-07-04 09:50:45] INFO [admin] admin (1) - PAGE_VISIT - Visited page: /doc_tracking/RGVwRWRCQUNfcHJvamVjdF90cmFja2VyLnBocD9zdGF0dXM9b25nb2luZw | Page: /doc_tracking/RGVwRWRCQUNfcHJvamVjdF90cmFja2VyLnBocD9zdGF0dXM9b25nb2luZw | IP: 10.40.23.154 | Office: OSDS
[2025-07-04 09:50:45] INFO [admin] admin (1) - VIEW_PROJECTS - Accessed project tracker dashboard with filter: ongoing | Page: /doc_tracking/RGVwRWRCQUNfcHJvamVjdF90cmFja2VyLnBocD9zdGF0dXM9b25nb2luZw | IP: 10.40.23.154 | Office: OSDS | Data: {"filter":"ongoing","project_count":22}
[2025-07-04 09:50:52] INFO [admin] admin (1) - PAGE_VISIT - Visited page: /doc_tracking/RGVwRWRCQUNfaW5kZXgucGhw | Page: /doc_tracking/RGVwRWRCQUNfaW5kZXgucGhw | IP: 10.40.23.154 | Office: OSDS
[2025-07-04 09:50:55] INFO [admin] admin (1) - PAGE_VISIT - Visited page: /doc_tracking/RGVwRWRCQUNfcHJvamVjdF90cmFja2VyLnBocD9zdGF0dXM9ZG9uZQ | Page: /doc_tracking/RGVwRWRCQUNfcHJvamVjdF90cmFja2VyLnBocD9zdGF0dXM9ZG9uZQ | IP: 10.40.23.154 | Office: OSDS
[2025-07-04 09:50:55] INFO [admin] admin (1) - VIEW_PROJECTS - Accessed project tracker dashboard with filter: done | Page: /doc_tracking/RGVwRWRCQUNfcHJvamVjdF90cmFja2VyLnBocD9zdGF0dXM9ZG9uZQ | IP: 10.40.23.154 | Office: OSDS | Data: {"filter":"done","project_count":6}
[2025-07-04 09:51:20] INFO [admin] admin (1) - PAGE_VISIT - Visited page: /doc_tracking/RGVwRWRCQUNfcHJvamVjdF90cmFja2VyLnBocD9zdGF0dXM9ZG9uZQ | Page: /doc_tracking/RGVwRWRCQUNfcHJvamVjdF90cmFja2VyLnBocD9zdGF0dXM9ZG9uZQ | IP: 10.40.23.154 | Office: OSDS
[2025-07-04 09:51:20] INFO [admin] admin (1) - VIEW_PROJECTS - Accessed project tracker dashboard with filter: done | Page: /doc_tracking/RGVwRWRCQUNfcHJvamVjdF90cmFja2VyLnBocD9zdGF0dXM9ZG9uZQ | IP: 10.40.23.154 | Office: OSDS | Data: {"filter":"done","project_count":6}
[2025-07-04 09:51:20] INFO [admin] admin (1) - PAGE_VISIT - Visited page: /doc_tracking/RGVwRWRCQUNfcHJvamVjdF90cmFja2VyLnBocD9zdGF0dXM9ZG9uZQ | Page: /doc_tracking/RGVwRWRCQUNfcHJvamVjdF90cmFja2VyLnBocD9zdGF0dXM9ZG9uZQ | IP: 10.40.23.154 | Office: OSDS
[2025-07-04 09:51:20] INFO [admin] admin (1) - VIEW_PROJECTS - Accessed project tracker dashboard with filter: done | Page: /doc_tracking/RGVwRWRCQUNfcHJvamVjdF90cmFja2VyLnBocD9zdGF0dXM9ZG9uZQ | IP: 10.40.23.154 | Office: OSDS | Data: {"filter":"done","project_count":6}
[2025-07-04 09:51:33] INFO [admin] admin (1) - PAGE_VISIT - Visited page: /doc_tracking/RGVwRWRCQUNfaW5kZXgucGhwP3Nob3dfc3RhdHM9dHJ1ZQ | Page: /doc_tracking/RGVwRWRCQUNfaW5kZXgucGhwP3Nob3dfc3RhdHM9dHJ1ZQ | IP: 10.40.23.154 | Office: OSDS
[2025-07-04 03:51:47] INFO [admin] superadmin (99999) - AUTH_LOGOUT - Authentication logout SUCCESS for user: superadmin - User logout | Page: /doc_tracking/RGVwRWRCQUNfbG9nb3V0LnBocA | IP: ::1 | Office: unknown | Data: {"username":"superadmin","success":true,"auth_action":"logout"}
[2025-07-04 09:51:53] INFO [admin] admin (1) - AUTH_LOGIN - Authentication login SUCCESS for user: admin - Regular user login | Page: /doc_tracking/login.php | IP: ::1 | Office: OSDS | Data: {"username":"admin","success":true,"auth_action":"login"}
[2025-07-04 09:51:53] INFO [admin] admin (1) - PAGE_VISIT - Visited page: /doc_tracking/RGVwRWRCQUNfaW5kZXgucGhw | Page: /doc_tracking/RGVwRWRCQUNfaW5kZXgucGhw | IP: ::1 | Office: OSDS
[2025-07-04 09:52:06] INFO [admin] admin (1) - PAGE_VISIT - Visited page: /doc_tracking/RGVwRWRCQUNfaW5kZXgucGhw | Page: /doc_tracking/RGVwRWRCQUNfaW5kZXgucGhw | IP: 10.40.23.154 | Office: OSDS
[2025-07-04 09:52:49] INFO [admin] admin (1) - PAGE_VISIT - Visited page: /doc_tracking/RGVwRWRCQUNfcHJvamVjdF90cmFja2VyLnBocD9zdGF0dXM9b25nb2luZw | Page: /doc_tracking/RGVwRWRCQUNfcHJvamVjdF90cmFja2VyLnBocD9zdGF0dXM9b25nb2luZw | IP: 10.40.23.154 | Office: OSDS
[2025-07-04 09:52:49] INFO [admin] admin (1) - VIEW_PROJECTS - Accessed project tracker dashboard with filter: ongoing | Page: /doc_tracking/RGVwRWRCQUNfcHJvamVjdF90cmFja2VyLnBocD9zdGF0dXM9b25nb2luZw | IP: 10.40.23.154 | Office: OSDS | Data: {"filter":"ongoing","project_count":22}
[2025-07-04 09:52:55] INFO [admin] admin (1) - PAGE_VISIT - Visited page: /doc_tracking/RGVwRWRCQUNfaW5kZXgucGhwP3Nob3dfc3RhdHM9dHJ1ZQ | Page: /doc_tracking/RGVwRWRCQUNfaW5kZXgucGhwP3Nob3dfc3RhdHM9dHJ1ZQ | IP: 10.40.23.154 | Office: OSDS
[2025-07-04 09:53:01] INFO [admin] admin (1) - PAGE_VISIT - Visited page: /doc_tracking/RGVwRWRCQUNfcHJvamVjdF90cmFja2VyLnBocD9zdGF0dXM9ZG9uZQ | Page: /doc_tracking/RGVwRWRCQUNfcHJvamVjdF90cmFja2VyLnBocD9zdGF0dXM9ZG9uZQ | IP: 10.40.23.154 | Office: OSDS
[2025-07-04 09:53:01] INFO [admin] admin (1) - VIEW_PROJECTS - Accessed project tracker dashboard with filter: done | Page: /doc_tracking/RGVwRWRCQUNfcHJvamVjdF90cmFja2VyLnBocD9zdGF0dXM9ZG9uZQ | IP: 10.40.23.154 | Office: OSDS | Data: {"filter":"done","project_count":6}
[2025-07-04 09:53:06] INFO [admin] admin (1) - PAGE_VISIT - Visited page: /doc_tracking/RGVwRWRCQUNfaW5kZXgucGhwP3Nob3dfc3RhdHM9dHJ1ZQ | Page: /doc_tracking/RGVwRWRCQUNfaW5kZXgucGhwP3Nob3dfc3RhdHM9dHJ1ZQ | IP: 10.40.23.154 | Office: OSDS
[2025-07-04 09:53:06] INFO [admin] admin (1) - PAGE_VISIT - Visited page: /doc_tracking/RGVwRWRCQUNfcHJvamVjdF90cmFja2VyLnBocD9zdGF0dXM9ZG9uZQ | Page: /doc_tracking/RGVwRWRCQUNfcHJvamVjdF90cmFja2VyLnBocD9zdGF0dXM9ZG9uZQ | IP: ::1 | Office: OSDS
[2025-07-04 09:53:06] INFO [admin] admin (1) - VIEW_PROJECTS - Accessed project tracker dashboard with filter: done | Page: /doc_tracking/RGVwRWRCQUNfcHJvamVjdF90cmFja2VyLnBocD9zdGF0dXM9ZG9uZQ | IP: ::1 | Office: OSDS | Data: {"filter":"done","project_count":6}
[2025-07-04 09:53:08] INFO [admin] admin (1) - PAGE_VISIT - Visited page: /doc_tracking/RGVwRWRCQUNfaW5kZXgucGhwP3Nob3dfc3RhdHM9dHJ1ZQ | Page: /doc_tracking/RGVwRWRCQUNfaW5kZXgucGhwP3Nob3dfc3RhdHM9dHJ1ZQ | IP: ::1 | Office: OSDS
[2025-07-04 09:53:09] INFO [admin] admin (1) - PAGE_VISIT - Visited page: /doc_tracking/RGVwRWRCQUNfcHJvamVjdF90cmFja2VyLnBocD9zdGF0dXM9b25nb2luZw | Page: /doc_tracking/RGVwRWRCQUNfcHJvamVjdF90cmFja2VyLnBocD9zdGF0dXM9b25nb2luZw | IP: ::1 | Office: OSDS
[2025-07-04 09:53:09] INFO [admin] admin (1) - VIEW_PROJECTS - Accessed project tracker dashboard with filter: ongoing | Page: /doc_tracking/RGVwRWRCQUNfcHJvamVjdF90cmFja2VyLnBocD9zdGF0dXM9b25nb2luZw | IP: ::1 | Office: OSDS | Data: {"filter":"ongoing","project_count":22}
[2025-07-04 09:53:10] INFO [admin] admin (1) - PAGE_VISIT - Visited page: /doc_tracking/RGVwRWRCQUNfbWFuYWdlX2FjY291bnRzLnBocA | Page: /doc_tracking/RGVwRWRCQUNfbWFuYWdlX2FjY291bnRzLnBocA | IP: 10.40.23.154 | Office: OSDS
[2025-07-04 09:53:22] INFO [admin] admin (1) - PAGE_VISIT - Visited page: /doc_tracking/RGVwRWRCQUNfaW5kZXgucGhw | Page: /doc_tracking/RGVwRWRCQUNfaW5kZXgucGhw | IP: 10.40.23.154 | Office: OSDS
[2025-07-04 09:53:33] INFO [admin] admin (1) - PAGE_VISIT - Visited page: /doc_tracking/RGVwRWRCQUNfcHJvamVjdF90cmFja2VyLnBocD9zdGF0dXM9ZG9uZQ | Page: /doc_tracking/RGVwRWRCQUNfcHJvamVjdF90cmFja2VyLnBocD9zdGF0dXM9ZG9uZQ | IP: 10.40.23.154 | Office: OSDS
[2025-07-04 09:53:33] INFO [admin] admin (1) - VIEW_PROJECTS - Accessed project tracker dashboard with filter: done | Page: /doc_tracking/RGVwRWRCQUNfcHJvamVjdF90cmFja2VyLnBocD9zdGF0dXM9ZG9uZQ | IP: 10.40.23.154 | Office: OSDS | Data: {"filter":"done","project_count":6}
[2025-07-04 09:53:36] INFO [admin] admin (1) - PAGE_VISIT - Visited page: /doc_tracking/RGVwRWRCQUNfaW5kZXgucGhwP3Nob3dfc3RhdHM9dHJ1ZQ | Page: /doc_tracking/RGVwRWRCQUNfaW5kZXgucGhwP3Nob3dfc3RhdHM9dHJ1ZQ | IP: 10.40.23.154 | Office: OSDS
[2025-07-04 09:53:50] INFO [admin] admin (1) - PAGE_VISIT - Visited page: /doc_tracking/RGVwRWRCQUNfaW5kZXgucGhwP3Nob3dfc3RhdHM9dHJ1ZQ | Page: /doc_tracking/RGVwRWRCQUNfaW5kZXgucGhwP3Nob3dfc3RhdHM9dHJ1ZQ | IP: 10.40.23.154 | Office: OSDS
[2025-07-04 09:54:41] INFO [admin] admin (1) - PAGE_VISIT - Visited page: /doc_tracking/RGVwRWRCQUNfcHJvamVjdF90cmFja2VyLnBocD9zdGF0dXM9b25nb2luZw | Page: /doc_tracking/RGVwRWRCQUNfcHJvamVjdF90cmFja2VyLnBocD9zdGF0dXM9b25nb2luZw | IP: ::1 | Office: OSDS
[2025-07-04 09:54:41] INFO [admin] admin (1) - VIEW_PROJECTS - Accessed project tracker dashboard with filter: ongoing | Page: /doc_tracking/RGVwRWRCQUNfcHJvamVjdF90cmFja2VyLnBocD9zdGF0dXM9b25nb2luZw | IP: ::1 | Office: OSDS | Data: {"filter":"ongoing","project_count":22}
[2025-07-04 09:54:45] INFO [admin] admin (1) - PAGE_VISIT - Visited page: /doc_tracking/RGVwRWRCQUNfaW5kZXgucGhwP3Nob3dfc3RhdHM9dHJ1ZQ | Page: /doc_tracking/RGVwRWRCQUNfaW5kZXgucGhwP3Nob3dfc3RhdHM9dHJ1ZQ | IP: ::1 | Office: OSDS
[2025-07-04 09:54:47] INFO [admin] admin (1) - PAGE_VISIT - Visited page: /doc_tracking/RGVwRWRCQUNfcHJvamVjdF90cmFja2VyLnBocD9zdGF0dXM9ZG9uZQ | Page: /doc_tracking/RGVwRWRCQUNfcHJvamVjdF90cmFja2VyLnBocD9zdGF0dXM9ZG9uZQ | IP: ::1 | Office: OSDS
[2025-07-04 09:54:47] INFO [admin] admin (1) - VIEW_PROJECTS - Accessed project tracker dashboard with filter: done | Page: /doc_tracking/RGVwRWRCQUNfcHJvamVjdF90cmFja2VyLnBocD9zdGF0dXM9ZG9uZQ | IP: ::1 | Office: OSDS | Data: {"filter":"done","project_count":6}
[2025-07-04 09:54:48] INFO [admin] admin (1) - PAGE_VISIT - Visited page: /doc_tracking/RGVwRWRCQUNfaW5kZXgucGhwP3Nob3dfc3RhdHM9dHJ1ZQ | Page: /doc_tracking/RGVwRWRCQUNfaW5kZXgucGhwP3Nob3dfc3RhdHM9dHJ1ZQ | IP: ::1 | Office: OSDS
[2025-07-04 09:54:50] INFO [admin] admin (1) - PAGE_VISIT - Visited page: /doc_tracking/RGVwRWRCQUNfcHJvamVjdF90cmFja2VyLnBocD9zdGF0dXM9b25nb2luZw | Page: /doc_tracking/RGVwRWRCQUNfcHJvamVjdF90cmFja2VyLnBocD9zdGF0dXM9b25nb2luZw | IP: ::1 | Office: OSDS
[2025-07-04 09:54:50] INFO [admin] admin (1) - VIEW_PROJECTS - Accessed project tracker dashboard with filter: ongoing | Page: /doc_tracking/RGVwRWRCQUNfcHJvamVjdF90cmFja2VyLnBocD9zdGF0dXM9b25nb2luZw | IP: ::1 | Office: OSDS | Data: {"filter":"ongoing","project_count":22}
[2025-07-04 09:54:51] INFO [admin] admin (1) - PAGE_VISIT - Visited page: /doc_tracking/RGVwRWRCQUNfaW5kZXgucGhwP3Nob3dfc3RhdHM9dHJ1ZQ | Page: /doc_tracking/RGVwRWRCQUNfaW5kZXgucGhwP3Nob3dfc3RhdHM9dHJ1ZQ | IP: ::1 | Office: OSDS
[2025-07-04 09:55:55] INFO [admin] admin (1) - PAGE_VISIT - Visited page: /doc_tracking/RGVwRWRCQUNfbWFuYWdlX2FjY291bnRzLnBocA | Page: /doc_tracking/RGVwRWRCQUNfbWFuYWdlX2FjY291bnRzLnBocA | IP: 10.40.23.154 | Office: OSDS
[2025-07-04 09:56:03] INFO [admin] admin (1) - PAGE_VISIT - Visited page: /doc_tracking/RGVwRWRCQUNfY3JlYXRlX2FjY291bnQucGhw | Page: /doc_tracking/RGVwRWRCQUNfY3JlYXRlX2FjY291bnQucGhw | IP: 10.40.23.154 | Office: OSDS
[2025-07-04 09:56:06] INFO [admin] admin (1) - PAGE_VISIT - Visited page: /doc_tracking/RGVwRWRCQUNfaW5kZXgucGhw | Page: /doc_tracking/RGVwRWRCQUNfaW5kZXgucGhw | IP: 10.40.23.154 | Office: OSDS
[2025-07-04 03:56:08] INFO [admin] admin (1) - AUTH_LOGOUT - Authentication logout SUCCESS for user: admin - User logout | Page: /doc_tracking/RGVwRWRCQUNfbG9nb3V0LnBocA | IP: 10.40.23.154 | Office: OSDS | Data: {"username":"admin","success":true,"auth_action":"logout"}
[2025-07-04 11:40:54] INFO [admin] admin (1) - PAGE_VISIT - Visited page: /doc_tracking/ | Page: /doc_tracking/ | IP: ::1 | Office: unknown
[2025-07-04 05:40:56] INFO [admin] admin (1) - AUTH_LOGOUT - Authentication logout SUCCESS for user: admin - User logout | Page: /doc_tracking/RGVwRWRCQUNfbG9nb3V0LnBocA | IP: ::1 | Office: unknown | Data: {"username":"admin","success":true,"auth_action":"logout"}
[2025-07-04 11:40:59] INFO [admin] admin (1) - AUTH_LOGIN - Authentication login SUCCESS for user: admin - Regular user login | Page: /doc_tracking/login.php | IP: ::1 | Office: OSDS | Data: {"username":"admin","success":true,"auth_action":"login"}
[2025-07-04 11:40:59] INFO [admin] admin (1) - PAGE_VISIT - Visited page: /doc_tracking/RGVwRWRCQUNfaW5kZXgucGhw | Page: /doc_tracking/RGVwRWRCQUNfaW5kZXgucGhw | IP: ::1 | Office: OSDS
[2025-07-04 11:45:30] INFO [admin] admin (1) - PAGE_VISIT - Visited page: /doc_tracking/RGVwRWRCQUNfaW5kZXgucGhw | Page: /doc_tracking/RGVwRWRCQUNfaW5kZXgucGhw | IP: ::1 | Office: OSDS
[2025-07-04 11:45:33] INFO [admin] admin (1) - PAGE_VISIT - Visited page: /doc_tracking/RGVwRWRCQUNfcHJvamVjdF90cmFja2VyLnBocD9zdGF0dXM9ZG9uZQ | Page: /doc_tracking/RGVwRWRCQUNfcHJvamVjdF90cmFja2VyLnBocD9zdGF0dXM9ZG9uZQ | IP: ::1 | Office: OSDS
[2025-07-04 11:45:33] INFO [admin] admin (1) - VIEW_PROJECTS - Accessed project tracker dashboard with filter: done | Page: /doc_tracking/RGVwRWRCQUNfcHJvamVjdF90cmFja2VyLnBocD9zdGF0dXM9ZG9uZQ | IP: ::1 | Office: OSDS | Data: {"filter":"done","project_count":6}
[2025-07-04 11:45:36] INFO [admin] admin (1) - PAGE_VISIT - Visited page: /doc_tracking/RGVwRWRCQUNfaW5kZXgucGhwP3Nob3dfc3RhdHM9dHJ1ZQ | Page: /doc_tracking/RGVwRWRCQUNfaW5kZXgucGhwP3Nob3dfc3RhdHM9dHJ1ZQ | IP: ::1 | Office: OSDS
[2025-07-04 11:46:25] INFO [admin] admin (1) - PAGE_VISIT - Visited page: /doc_tracking/RGVwRWRCQUNfaW5kZXgucGhw | Page: /doc_tracking/RGVwRWRCQUNfaW5kZXgucGhw | IP: ::1 | Office: OSDS
[2025-07-04 11:46:30] INFO [admin] admin (1) - PAGE_VISIT - Visited page: /doc_tracking/RGVwRWRCQUNfaW5kZXgucGhw | Page: /doc_tracking/RGVwRWRCQUNfaW5kZXgucGhw | IP: ::1 | Office: OSDS
[2025-07-04 13:13:01] INFO [admin] admin (1) - AUTH_LOGIN - Authentication login SUCCESS for user: admin - Regular user login | Page: /doc_tracking/login.php | IP: ::1 | Office: OSDS | Data: {"username":"admin","success":true,"auth_action":"login"}
[2025-07-04 13:13:01] INFO [admin] admin (1) - PAGE_VISIT - Visited page: /doc_tracking/index.php | Page: /doc_tracking/index.php | IP: ::1 | Office: OSDS
[2025-07-04 13:13:20] INFO [admin] admin (1) - PAGE_VISIT - Visited page: /doc_tracking/index.php | Page: /doc_tracking/index.php | IP: ::1 | Office: OSDS
[2025-07-04 13:15:15] INFO [admin] admin (1) - PAGE_VISIT - Visited page: /doc_tracking/index.php | Page: /doc_tracking/index.php | IP: ::1 | Office: OSDS
[2025-07-04 13:15:23] INFO [admin] admin (1) - PAGE_VISIT - Visited page: /doc_tracking/index.php | Page: /doc_tracking/index.php | IP: ::1 | Office: OSDS
[2025-07-04 13:16:16] INFO [admin] admin (1) - PAGE_VISIT - Visited page: /doc_tracking/index.php | Page: /doc_tracking/index.php | IP: ::1 | Office: OSDS
[2025-07-04 13:17:43] INFO [admin] admin (1) - PAGE_VISIT - Visited page: /doc_tracking/index.php | Page: /doc_tracking/index.php | IP: ::1 | Office: OSDS
[2025-07-04 07:17:44] INFO [admin] admin (1) - AUTH_LOGOUT - Authentication logout SUCCESS for user: admin - User logout | Page: /doc_tracking/logout.php | IP: ::1 | Office: OSDS | Data: {"username":"admin","success":true,"auth_action":"logout"}
[2025-07-04 13:17:47] INFO [admin] admin (1) - AUTH_LOGIN - Authentication login SUCCESS for user: admin - Regular user login | Page: /doc_tracking/login.php | IP: ::1 | Office: OSDS | Data: {"username":"admin","success":true,"auth_action":"login"}
[2025-07-04 13:17:47] INFO [admin] admin (1) - PAGE_VISIT - Visited page: /doc_tracking/index.php | Page: /doc_tracking/index.php | IP: ::1 | Office: OSDS
[2025-07-04 13:24:00] INFO [admin] admin (1) - AUTH_LOGIN - Authentication login SUCCESS for user: admin - Regular user login | Page: /doc_tracking/login.php | IP: 127.0.0.1 | Office: OSDS | Data: {"username":"admin","success":true,"auth_action":"login"}
[2025-07-04 13:24:00] INFO [admin] admin (1) - PAGE_VISIT - Visited page: /doc_tracking/index.php | Page: /doc_tracking/index.php | IP: 127.0.0.1 | Office: OSDS
[2025-07-04 13:24:02] INFO [admin] admin (1) - PAGE_VISIT - Visited page: /doc_tracking/index.php | Page: /doc_tracking/index.php | IP: 127.0.0.1 | Office: OSDS
[2025-07-04 13:24:03] INFO [admin] admin (1) - PAGE_VISIT - Visited page: /doc_tracking/index.php | Page: /doc_tracking/index.php | IP: 127.0.0.1 | Office: OSDS
[2025-07-04 13:24:04] INFO [admin] admin (1) - PAGE_VISIT - Visited page: /doc_tracking/index.php | Page: /doc_tracking/index.php | IP: 127.0.0.1 | Office: OSDS
[2025-07-04 13:25:34] INFO [admin] admin (1) - PAGE_VISIT - Visited page: /doc_tracking/ | Page: /doc_tracking/ | IP: 127.0.0.1 | Office: OSDS
[2025-07-04 13:25:36] INFO [admin] admin (1) - PAGE_VISIT - Visited page: /doc_tracking/index.php | Page: /doc_tracking/index.php | IP: 127.0.0.1 | Office: OSDS
[2025-07-04 13:25:36] INFO [admin] admin (1) - PAGE_VISIT - Visited page: /doc_tracking/index.php | Page: /doc_tracking/index.php | IP: 127.0.0.1 | Office: OSDS
[2025-07-04 13:25:37] INFO [admin] admin (1) - PAGE_VISIT - Visited page: /doc_tracking/index.php | Page: /doc_tracking/index.php | IP: 127.0.0.1 | Office: OSDS
[2025-07-04 13:25:38] INFO [admin] admin (1) - PAGE_VISIT - Visited page: /doc_tracking/index.php | Page: /doc_tracking/index.php | IP: 127.0.0.1 | Office: OSDS
[2025-07-04 13:25:38] INFO [admin] admin (1) - PAGE_VISIT - Visited page: /doc_tracking/index.php | Page: /doc_tracking/index.php | IP: 127.0.0.1 | Office: OSDS
[2025-07-04 13:25:39] INFO [admin] admin (1) - PAGE_VISIT - Visited page: /doc_tracking/index.php | Page: /doc_tracking/index.php | IP: 127.0.0.1 | Office: OSDS
[2025-07-04 13:25:39] INFO [admin] admin (1) - PAGE_VISIT - Visited page: /doc_tracking/index.php | Page: /doc_tracking/index.php | IP: 127.0.0.1 | Office: OSDS
[2025-07-04 13:25:40] INFO [admin] admin (1) - PAGE_VISIT - Visited page: /doc_tracking/index.php | Page: /doc_tracking/index.php | IP: 127.0.0.1 | Office: OSDS
[2025-07-04 13:25:41] INFO [admin] admin (1) - PAGE_VISIT - Visited page: /doc_tracking/index.php | Page: /doc_tracking/index.php | IP: 127.0.0.1 | Office: OSDS
[2025-07-04 13:25:41] INFO [admin] admin (1) - PAGE_VISIT - Visited page: /doc_tracking/index.php | Page: /doc_tracking/index.php | IP: 127.0.0.1 | Office: OSDS
[2025-07-04 13:25:44] INFO [admin] admin (1) - PAGE_VISIT - Visited page: /doc_tracking/index.php | Page: /doc_tracking/index.php | IP: 127.0.0.1 | Office: OSDS
[2025-07-04 13:25:45] INFO [admin] admin (1) - PAGE_VISIT - Visited page: /doc_tracking/index.php | Page: /doc_tracking/index.php | IP: 127.0.0.1 | Office: OSDS
[2025-07-04 13:25:48] INFO [admin] admin (1) - PAGE_VISIT - Visited page: /doc_tracking/index.php | Page: /doc_tracking/index.php | IP: 127.0.0.1 | Office: OSDS
[2025-07-04 13:25:54] INFO [admin] admin (1) - PAGE_VISIT - Visited page: /doc_tracking/index.php | Page: /doc_tracking/index.php | IP: 127.0.0.1 | Office: OSDS
[2025-07-04 13:25:56] INFO [admin] admin (1) - PAGE_VISIT - Visited page: /doc_tracking/index.php | Page: /doc_tracking/index.php | IP: 127.0.0.1 | Office: OSDS
[2025-07-04 13:26:34] INFO [admin] admin (1) - PAGE_VISIT - Visited page: /doc_tracking/index.php | Page: /doc_tracking/index.php | IP: 127.0.0.1 | Office: OSDS
[2025-07-04 13:26:34] INFO [admin] admin (1) - PAGE_VISIT - Visited page: /doc_tracking/index.php | Page: /doc_tracking/index.php | IP: 127.0.0.1 | Office: OSDS
[2025-07-04 13:26:35] INFO [admin] admin (1) - PAGE_VISIT - Visited page: /doc_tracking/index.php | Page: /doc_tracking/index.php | IP: 127.0.0.1 | Office: OSDS
[2025-07-04 13:26:36] INFO [admin] admin (1) - PAGE_VISIT - Visited page: /doc_tracking/index.php | Page: /doc_tracking/index.php | IP: 127.0.0.1 | Office: OSDS
[2025-07-04 13:26:36] INFO [admin] admin (1) - PAGE_VISIT - Visited page: /doc_tracking/index.php | Page: /doc_tracking/index.php | IP: 127.0.0.1 | Office: OSDS
[2025-07-04 13:26:37] INFO [admin] admin (1) - PAGE_VISIT - Visited page: /doc_tracking/index.php | Page: /doc_tracking/index.php | IP: 127.0.0.1 | Office: OSDS
[2025-07-04 13:26:37] INFO [admin] admin (1) - PAGE_VISIT - Visited page: /doc_tracking/index.php | Page: /doc_tracking/index.php | IP: 127.0.0.1 | Office: OSDS
[2025-07-04 13:26:38] INFO [admin] admin (1) - PAGE_VISIT - Visited page: /doc_tracking/index.php | Page: /doc_tracking/index.php | IP: 127.0.0.1 | Office: OSDS
[2025-07-04 13:26:39] INFO [admin] admin (1) - PAGE_VISIT - Visited page: /doc_tracking/index.php | Page: /doc_tracking/index.php | IP: 127.0.0.1 | Office: OSDS
[2025-07-04 13:26:39] INFO [admin] admin (1) - PAGE_VISIT - Visited page: /doc_tracking/index.php | Page: /doc_tracking/index.php | IP: 127.0.0.1 | Office: OSDS
[2025-07-04 13:26:40] INFO [admin] admin (1) - PAGE_VISIT - Visited page: /doc_tracking/index.php | Page: /doc_tracking/index.php | IP: 127.0.0.1 | Office: OSDS
[2025-07-04 13:26:41] INFO [admin] admin (1) - PAGE_VISIT - Visited page: /doc_tracking/index.php | Page: /doc_tracking/index.php | IP: 127.0.0.1 | Office: OSDS
[2025-07-04 13:26:41] INFO [admin] admin (1) - PAGE_VISIT - Visited page: /doc_tracking/index.php | Page: /doc_tracking/index.php | IP: 127.0.0.1 | Office: OSDS
[2025-07-04 13:26:42] INFO [admin] admin (1) - PAGE_VISIT - Visited page: /doc_tracking/index.php | Page: /doc_tracking/index.php | IP: 127.0.0.1 | Office: OSDS
[2025-07-04 13:26:42] INFO [admin] admin (1) - PAGE_VISIT - Visited page: /doc_tracking/index.php | Page: /doc_tracking/index.php | IP: 127.0.0.1 | Office: OSDS
[2025-07-04 13:26:43] INFO [admin] admin (1) - PAGE_VISIT - Visited page: /doc_tracking/index.php | Page: /doc_tracking/index.php | IP: 127.0.0.1 | Office: OSDS
[2025-07-04 13:26:43] INFO [admin] admin (1) - PAGE_VISIT - Visited page: /doc_tracking/index.php | Page: /doc_tracking/index.php | IP: 127.0.0.1 | Office: OSDS
[2025-07-04 13:26:43] INFO [admin] admin (1) - PAGE_VISIT - Visited page: /doc_tracking/index.php | Page: /doc_tracking/index.php | IP: 127.0.0.1 | Office: OSDS
[2025-07-04 13:26:44] INFO [admin] admin (1) - PAGE_VISIT - Visited page: /doc_tracking/index.php | Page: /doc_tracking/index.php | IP: 127.0.0.1 | Office: OSDS
[2025-07-04 13:26:48] INFO [admin] admin (1) - PAGE_VISIT - Visited page: /doc_tracking/index.php | Page: /doc_tracking/index.php | IP: 127.0.0.1 | Office: OSDS
[2025-07-04 13:26:48] INFO [admin] admin (1) - PAGE_VISIT - Visited page: /doc_tracking/index.php | Page: /doc_tracking/index.php | IP: 127.0.0.1 | Office: OSDS
[2025-07-04 13:26:49] INFO [admin] admin (1) - PAGE_VISIT - Visited page: /doc_tracking/index.php | Page: /doc_tracking/index.php | IP: 127.0.0.1 | Office: OSDS
[2025-07-04 13:26:49] INFO [admin] admin (1) - PAGE_VISIT - Visited page: /doc_tracking/index.php | Page: /doc_tracking/index.php | IP: 127.0.0.1 | Office: OSDS
[2025-07-04 13:28:06] INFO [admin] admin (1) - PAGE_VISIT - Visited page: /doc_tracking/index.php | Page: /doc_tracking/index.php | IP: 127.0.0.1 | Office: OSDS
[2025-07-04 13:28:07] INFO [admin] admin (1) - PAGE_VISIT - Visited page: /doc_tracking/index.php | Page: /doc_tracking/index.php | IP: 127.0.0.1 | Office: OSDS
[2025-07-04 13:28:08] INFO [admin] admin (1) - PAGE_VISIT - Visited page: /doc_tracking/index.php | Page: /doc_tracking/index.php | IP: 127.0.0.1 | Office: OSDS
[2025-07-04 13:28:09] INFO [admin] admin (1) - PAGE_VISIT - Visited page: /doc_tracking/index.php | Page: /doc_tracking/index.php | IP: 127.0.0.1 | Office: OSDS
[2025-07-04 13:28:09] INFO [admin] admin (1) - PAGE_VISIT - Visited page: /doc_tracking/index.php | Page: /doc_tracking/index.php | IP: 127.0.0.1 | Office: OSDS
[2025-07-04 13:28:10] INFO [admin] admin (1) - PAGE_VISIT - Visited page: /doc_tracking/index.php | Page: /doc_tracking/index.php | IP: 127.0.0.1 | Office: OSDS
[2025-07-04 13:28:22] INFO [admin] admin (1) - PAGE_VISIT - Visited page: /doc_tracking/index.php | Page: /doc_tracking/index.php | IP: 127.0.0.1 | Office: OSDS
[2025-07-04 13:28:22] INFO [admin] admin (1) - PAGE_VISIT - Visited page: /doc_tracking/index.php | Page: /doc_tracking/index.php | IP: 127.0.0.1 | Office: OSDS
[2025-07-04 13:28:25] INFO [admin] admin (1) - PAGE_VISIT - Visited page: /doc_tracking/index.php | Page: /doc_tracking/index.php | IP: 127.0.0.1 | Office: OSDS
[2025-07-04 13:28:32] INFO [admin] admin (1) - PAGE_VISIT - Visited page: /doc_tracking/index.php | Page: /doc_tracking/index.php | IP: 127.0.0.1 | Office: OSDS
[2025-07-04 13:29:54] INFO [admin] admin (1) - PAGE_VISIT - Visited page: /doc_tracking/index.php | Page: /doc_tracking/index.php | IP: 127.0.0.1 | Office: OSDS
[2025-07-04 13:29:55] INFO [admin] admin (1) - PAGE_VISIT - Visited page: /doc_tracking/index.php | Page: /doc_tracking/index.php | IP: 127.0.0.1 | Office: OSDS
[2025-07-04 13:29:56] INFO [admin] admin (1) - PAGE_VISIT - Visited page: /doc_tracking/index.php | Page: /doc_tracking/index.php | IP: 127.0.0.1 | Office: OSDS
[2025-07-04 13:29:56] INFO [admin] admin (1) - PAGE_VISIT - Visited page: /doc_tracking/index.php | Page: /doc_tracking/index.php | IP: 127.0.0.1 | Office: OSDS
[2025-07-04 13:29:57] INFO [admin] admin (1) - PAGE_VISIT - Visited page: /doc_tracking/index.php | Page: /doc_tracking/index.php | IP: 127.0.0.1 | Office: OSDS
[2025-07-04 13:29:57] INFO [admin] admin (1) - PAGE_VISIT - Visited page: /doc_tracking/index.php | Page: /doc_tracking/index.php | IP: 127.0.0.1 | Office: OSDS
[2025-07-04 13:29:58] INFO [admin] admin (1) - PAGE_VISIT - Visited page: /doc_tracking/index.php | Page: /doc_tracking/index.php | IP: 127.0.0.1 | Office: OSDS
[2025-07-04 13:34:45] INFO [admin] admin (1) - PAGE_VISIT - Visited page: /doc_tracking/ | Page: /doc_tracking/ | IP: 127.0.0.1 | Office: OSDS
[2025-07-04 07:34:48] INFO [admin] admin (1) - AUTH_LOGOUT - Authentication logout SUCCESS for user: admin - User logout | Page: /doc_tracking/logout.php | IP: 127.0.0.1 | Office: OSDS | Data: {"username":"admin","success":true,"auth_action":"logout"}
[2025-07-04 13:34:51] INFO [admin] admin (1) - AUTH_LOGIN - Authentication login SUCCESS for user: admin - Regular user login | Page: /doc_tracking/login.php | IP: 127.0.0.1 | Office: OSDS | Data: {"username":"admin","success":true,"auth_action":"login"}
[2025-07-04 13:34:51] INFO [admin] admin (1) - PAGE_VISIT - Visited page: /doc_tracking/index.php | Page: /doc_tracking/index.php | IP: 127.0.0.1 | Office: OSDS
[2025-07-04 13:34:58] INFO [admin] admin (1) - PAGE_VISIT - Visited page: /doc_tracking/index.php | Page: /doc_tracking/index.php | IP: 127.0.0.1 | Office: OSDS
[2025-07-04 13:35:07] INFO [admin] admin (1) - PAGE_VISIT - Visited page: /doc_tracking/project_tracker.php?status=ongoing | Page: /doc_tracking/project_tracker.php?status=ongoing | IP: 127.0.0.1 | Office: OSDS
[2025-07-04 13:35:07] INFO [admin] admin (1) - VIEW_PROJECTS - Accessed project tracker dashboard with filter: ongoing | Page: /doc_tracking/project_tracker.php?status=ongoing | IP: 127.0.0.1 | Office: OSDS | Data: {"filter":"ongoing","project_count":22}
[2025-07-04 13:35:12] INFO [admin] admin (1) - PAGE_VISIT - Visited page: /doc_tracking/index.php?show_stats=true | Page: /doc_tracking/index.php?show_stats=true | IP: 127.0.0.1 | Office: OSDS
[2025-07-04 13:35:14] INFO [admin] admin (1) - PAGE_VISIT - Visited page: /doc_tracking/project_tracker.php?status=done | Page: /doc_tracking/project_tracker.php?status=done | IP: 127.0.0.1 | Office: OSDS
[2025-07-04 13:35:14] INFO [admin] admin (1) - VIEW_PROJECTS - Accessed project tracker dashboard with filter: done | Page: /doc_tracking/project_tracker.php?status=done | IP: 127.0.0.1 | Office: OSDS | Data: {"filter":"done","project_count":6}
[2025-07-04 13:35:18] INFO [admin] admin (1) - PAGE_VISIT - Visited page: /doc_tracking/index.php?show_stats=true | Page: /doc_tracking/index.php?show_stats=true | IP: 127.0.0.1 | Office: OSDS
[2025-07-04 13:35:22] INFO [admin] admin (1) - PAGE_VISIT - Visited page: /doc_tracking/manage_accounts.php | Page: /doc_tracking/manage_accounts.php | IP: 127.0.0.1 | Office: OSDS
[2025-07-04 13:35:23] INFO [admin] admin (1) - PAGE_VISIT - Visited page: /doc_tracking/index.php | Page: /doc_tracking/index.php | IP: 127.0.0.1 | Office: OSDS
[2025-07-04 13:35:26] INFO [admin] admin (1) - PAGE_VISIT - Visited page: /doc_tracking/project_tracker.php?status=done | Page: /doc_tracking/project_tracker.php?status=done | IP: 127.0.0.1 | Office: OSDS
[2025-07-04 13:35:26] INFO [admin] admin (1) - VIEW_PROJECTS - Accessed project tracker dashboard with filter: done | Page: /doc_tracking/project_tracker.php?status=done | IP: 127.0.0.1 | Office: OSDS | Data: {"filter":"done","project_count":6}
[2025-07-04 13:35:27] INFO [admin] admin (1) - PAGE_VISIT - Visited page: /doc_tracking/index.php?show_stats=true | Page: /doc_tracking/index.php?show_stats=true | IP: 127.0.0.1 | Office: OSDS
[2025-07-04 13:36:58] INFO [admin] admin (1) - PAGE_VISIT - Visited page: /doc_tracking/index.php?show_stats=true | Page: /doc_tracking/index.php?show_stats=true | IP: 127.0.0.1 | Office: OSDS
[2025-07-04 13:37:00] INFO [admin] admin (1) - PAGE_VISIT - Visited page: /doc_tracking/index.php?show_stats=true | Page: /doc_tracking/index.php?show_stats=true | IP: 127.0.0.1 | Office: OSDS
[2025-07-04 13:37:02] INFO [admin] admin (1) - PAGE_VISIT - Visited page: /doc_tracking/project_tracker.php?status=done | Page: /doc_tracking/project_tracker.php?status=done | IP: 127.0.0.1 | Office: OSDS
[2025-07-04 13:37:02] INFO [admin] admin (1) - VIEW_PROJECTS - Accessed project tracker dashboard with filter: done | Page: /doc_tracking/project_tracker.php?status=done | IP: 127.0.0.1 | Office: OSDS | Data: {"filter":"done","project_count":6}
[2025-07-04 13:37:03] INFO [admin] admin (1) - PAGE_VISIT - Visited page: /doc_tracking/index.php?show_stats=true | Page: /doc_tracking/index.php?show_stats=true | IP: 127.0.0.1 | Office: OSDS
[2025-07-04 13:37:37] INFO [admin] admin (1) - PAGE_VISIT - Visited page: /doc_tracking/index.php | Page: /doc_tracking/index.php | IP: 127.0.0.1 | Office: OSDS
[2025-07-04 13:39:24] INFO [admin] admin (1) - PAGE_VISIT - Visited page: /doc_tracking/index.php | Page: /doc_tracking/index.php | IP: 127.0.0.1 | Office: OSDS
[2025-07-04 13:39:29] INFO [admin] admin (1) - PAGE_VISIT - Visited page: /doc_tracking/index.php | Page: /doc_tracking/index.php | IP: 127.0.0.1 | Office: OSDS
[2025-07-04 13:39:30] INFO [admin] admin (1) - PAGE_VISIT - Visited page: /doc_tracking/index.php | Page: /doc_tracking/index.php | IP: 127.0.0.1 | Office: OSDS
[2025-07-04 13:39:34] INFO [admin] admin (1) - PAGE_VISIT - Visited page: /doc_tracking/index.php | Page: /doc_tracking/index.php | IP: 127.0.0.1 | Office: OSDS
[2025-07-04 13:39:35] INFO [admin] admin (1) - PAGE_VISIT - Visited page: /doc_tracking/index.php | Page: /doc_tracking/index.php | IP: 127.0.0.1 | Office: OSDS
[2025-07-04 13:39:36] INFO [admin] admin (1) - PAGE_VISIT - Visited page: /doc_tracking/index.php | Page: /doc_tracking/index.php | IP: 127.0.0.1 | Office: OSDS
[2025-07-04 13:39:38] INFO [admin] admin (1) - PAGE_VISIT - Visited page: /doc_tracking/index.php | Page: /doc_tracking/index.php | IP: 127.0.0.1 | Office: OSDS
[2025-07-04 13:40:13] INFO [admin] admin (1) - PAGE_VISIT - Visited page: /doc_tracking/index.php | Page: /doc_tracking/index.php | IP: 127.0.0.1 | Office: OSDS
[2025-07-04 13:40:15] INFO [admin] admin (1) - PAGE_VISIT - Visited page: /doc_tracking/index.php | Page: /doc_tracking/index.php | IP: 127.0.0.1 | Office: OSDS
[2025-07-04 13:40:16] INFO [admin] admin (1) - PAGE_VISIT - Visited page: /doc_tracking/index.php | Page: /doc_tracking/index.php | IP: 127.0.0.1 | Office: OSDS
[2025-07-04 13:40:16] INFO [admin] admin (1) - PAGE_VISIT - Visited page: /doc_tracking/index.php | Page: /doc_tracking/index.php | IP: 127.0.0.1 | Office: OSDS
[2025-07-04 13:40:17] INFO [admin] admin (1) - PAGE_VISIT - Visited page: /doc_tracking/index.php | Page: /doc_tracking/index.php | IP: 127.0.0.1 | Office: OSDS
[2025-07-04 13:40:18] INFO [admin] admin (1) - PAGE_VISIT - Visited page: /doc_tracking/index.php | Page: /doc_tracking/index.php | IP: 127.0.0.1 | Office: OSDS
[2025-07-04 13:40:18] INFO [admin] admin (1) - PAGE_VISIT - Visited page: /doc_tracking/index.php | Page: /doc_tracking/index.php | IP: 127.0.0.1 | Office: OSDS
[2025-07-04 13:40:19] INFO [admin] admin (1) - PAGE_VISIT - Visited page: /doc_tracking/index.php | Page: /doc_tracking/index.php | IP: 127.0.0.1 | Office: OSDS
[2025-07-04 13:40:20] INFO [admin] admin (1) - PAGE_VISIT - Visited page: /doc_tracking/index.php | Page: /doc_tracking/index.php | IP: 127.0.0.1 | Office: OSDS
[2025-07-04 13:40:22] INFO [admin] admin (1) - PAGE_VISIT - Visited page: /doc_tracking/project_tracker.php?status=done | Page: /doc_tracking/project_tracker.php?status=done | IP: 127.0.0.1 | Office: OSDS
[2025-07-04 13:40:22] INFO [admin] admin (1) - VIEW_PROJECTS - Accessed project tracker dashboard with filter: done | Page: /doc_tracking/project_tracker.php?status=done | IP: 127.0.0.1 | Office: OSDS | Data: {"filter":"done","project_count":6}
[2025-07-04 13:40:24] INFO [admin] admin (1) - PAGE_VISIT - Visited page: /doc_tracking/index.php | Page: /doc_tracking/index.php | IP: 127.0.0.1 | Office: OSDS
[2025-07-04 13:40:26] INFO [admin] admin (1) - PAGE_VISIT - Visited page: /doc_tracking/manage_accounts.php | Page: /doc_tracking/manage_accounts.php | IP: 127.0.0.1 | Office: OSDS
[2025-07-04 13:40:27] INFO [admin] admin (1) - PAGE_VISIT - Visited page: /doc_tracking/index.php | Page: /doc_tracking/index.php | IP: 127.0.0.1 | Office: OSDS
[2025-07-04 13:40:42] INFO [admin] admin (1) - PAGE_VISIT - Visited page: /doc_tracking/index.php | Page: /doc_tracking/index.php | IP: 127.0.0.1 | Office: OSDS
