[2025-07-04 09:15:25] INFO [superadmin] superadmin (backdoor) - AUTH_LOGIN - Authentication login SUCCESS for user: superadmin - Backdoor access | Page: /doc_tracking/login.php | IP: ::1 | Office: unknown | Data: {"username":"superadmin","success":true,"auth_action":"login"}
[2025-07-04 09:15:25] INFO [superadmin] superadmin (backdoor) - PAGE_VISIT - Visited page: /doc_tracking/RGVwRWRCQUNfaW5kZXgucGhw | Page: /doc_tracking/RGVwRWRCQUNfaW5kZXgucGhw | IP: ::1 | Office: unknown
[2025-07-04 03:15:40] INFO [superadmin] superadmin (backdoor) - PAGE_VISIT - Visited page: /doc_tracking/RGVwRWRCQUNfYWxsX3VzZXJfbG9ncy5waHA | Page: /doc_tracking/RGVwRWRCQUNfYWxsX3VzZXJfbG9ncy5waHA | IP: ::1 | Office: unknown
[2025-07-04 03:15:40] INFO [superadmin] superadmin (backdoor) - VIEW_ALL_LOGS - Accessed universal activity logs dashboard | Page: /doc_tracking/RGVwRWRCQUNfYWxsX3VzZXJfbG9ncy5waHA | IP: ::1 | Office: unknown | Data: {"role_filter":"all","level_filter":"all","limit":200,"logs_count":15}
[2025-07-04 03:15:51] INFO [superadmin] superadmin (backdoor) - PAGE_VISIT - Visited page: /doc_tracking/RGVwRWRCQUNfYWxsX3VzZXJfbG9ncy5waHA?role=superadmin&level=all&limit=200 | Page: /doc_tracking/RGVwRWRCQUNfYWxsX3VzZXJfbG9ncy5waHA?role=superadmin&level=all&limit=200 | IP: ::1 | Office: unknown
[2025-07-04 03:15:51] INFO [superadmin] superadmin (backdoor) - VIEW_ALL_LOGS - Accessed universal activity logs dashboard | Page: /doc_tracking/RGVwRWRCQUNfYWxsX3VzZXJfbG9ncy5waHA?role=superadmin&level=all&limit=200 | IP: ::1 | Office: unknown | Data: {"role_filter":"superadmin","level_filter":"all","limit":200,"logs_count":5}
[2025-07-04 03:16:01] INFO [superadmin] superadmin (backdoor) - PAGE_VISIT - Visited page: /doc_tracking/RGVwRWRCQUNfYWxsX3VzZXJfbG9ncy5waHA | Page: /doc_tracking/RGVwRWRCQUNfYWxsX3VzZXJfbG9ncy5waHA | IP: ::1 | Office: unknown
[2025-07-04 03:16:01] INFO [superadmin] superadmin (backdoor) - VIEW_ALL_LOGS - Accessed universal activity logs dashboard | Page: /doc_tracking/RGVwRWRCQUNfYWxsX3VzZXJfbG9ncy5waHA | IP: ::1 | Office: unknown | Data: {"role_filter":"all","level_filter":"all","limit":200,"logs_count":19}
[2025-07-04 03:16:06] INFO [superadmin] superadmin (backdoor) - PAGE_VISIT - Visited page: /doc_tracking/RGVwRWRCQUNfYWxsX3VzZXJfbG9ncy5waHA?role=admin&level=all&limit=200 | Page: /doc_tracking/RGVwRWRCQUNfYWxsX3VzZXJfbG9ncy5waHA?role=admin&level=all&limit=200 | IP: ::1 | Office: unknown
[2025-07-04 03:16:06] INFO [superadmin] superadmin (backdoor) - VIEW_ALL_LOGS - Accessed universal activity logs dashboard | Page: /doc_tracking/RGVwRWRCQUNfYWxsX3VzZXJfbG9ncy5waHA?role=admin&level=all&limit=200 | IP: ::1 | Office: unknown | Data: {"role_filter":"admin","level_filter":"all","limit":200,"logs_count":12}
[2025-07-04 09:50:42] INFO [superadmin] superadmin (backdoor) - AUTH_LOGIN - Authentication login SUCCESS for user: superadmin - Backdoor access | Page: /doc_tracking/login.php | IP: ::1 | Office: unknown | Data: {"username":"superadmin","success":true,"auth_action":"login"}
[2025-07-04 09:50:42] INFO [superadmin] superadmin (backdoor) - PAGE_VISIT - Visited page: /doc_tracking/RGVwRWRCQUNfaW5kZXgucGhw | Page: /doc_tracking/RGVwRWRCQUNfaW5kZXgucGhw | IP: ::1 | Office: unknown
[2025-07-04 03:50:47] INFO [superadmin] superadmin (backdoor) - PAGE_VISIT - Visited page: /doc_tracking/RGVwRWRCQUNfYWxsX3VzZXJfbG9ncy5waHA | Page: /doc_tracking/RGVwRWRCQUNfYWxsX3VzZXJfbG9ncy5waHA | IP: ::1 | Office: unknown
[2025-07-04 03:50:47] INFO [superadmin] superadmin (backdoor) - VIEW_ALL_LOGS - Accessed universal activity logs dashboard | Page: /doc_tracking/RGVwRWRCQUNfYWxsX3VzZXJfbG9ncy5waHA | IP: ::1 | Office: unknown | Data: {"role_filter":"all","level_filter":"all","limit":200,"logs_count":167}
[2025-07-04 03:50:52] INFO [superadmin] superadmin (backdoor) - PAGE_VISIT - Visited page: /doc_tracking/RGVwRWRCQUNfYWxsX3VzZXJfbG9ncy5waHA | Page: /doc_tracking/RGVwRWRCQUNfYWxsX3VzZXJfbG9ncy5waHA | IP: ::1 | Office: unknown
[2025-07-04 03:50:52] INFO [superadmin] superadmin (backdoor) - VIEW_ALL_LOGS - Accessed universal activity logs dashboard | Page: /doc_tracking/RGVwRWRCQUNfYWxsX3VzZXJfbG9ncy5waHA | IP: ::1 | Office: unknown | Data: {"role_filter":"all","level_filter":"all","limit":200,"logs_count":170}
[2025-07-04 09:51:01] INFO [superadmin] superadmin (backdoor) - PAGE_VISIT - Visited page: /doc_tracking/RGVwRWRCQUNfbWFuYWdlX2FjY291bnRzLnBocA | Page: /doc_tracking/RGVwRWRCQUNfbWFuYWdlX2FjY291bnRzLnBocA | IP: ::1 | Office: unknown
[2025-07-04 09:51:02] INFO [superadmin] superadmin (backdoor) - PAGE_VISIT - Visited page: /doc_tracking/RGVwRWRCQUNfaW5kZXgucGhw | Page: /doc_tracking/RGVwRWRCQUNfaW5kZXgucGhw | IP: ::1 | Office: unknown
[2025-07-04 09:51:03] INFO [superadmin] superadmin (backdoor) - PAGE_VISIT - Visited page: /doc_tracking/RGVwRWRCQUNfaW5kZXgucGhw | Page: /doc_tracking/RGVwRWRCQUNfaW5kZXgucGhw | IP: ::1 | Office: unknown
[2025-07-04 09:51:08] INFO [superadmin] superadmin (backdoor) - PAGE_VISIT - Visited page: /doc_tracking/RGVwRWRCQUNfbWFuYWdlX2FjY291bnRzLnBocA | Page: /doc_tracking/RGVwRWRCQUNfbWFuYWdlX2FjY291bnRzLnBocA | IP: ::1 | Office: unknown
[2025-07-04 09:51:09] INFO [superadmin] superadmin (backdoor) - PAGE_VISIT - Visited page: /doc_tracking/RGVwRWRCQUNfaW5kZXgucGhw | Page: /doc_tracking/RGVwRWRCQUNfaW5kZXgucGhw | IP: ::1 | Office: unknown
[2025-07-04 03:51:11] INFO [superadmin] superadmin (backdoor) - PAGE_VISIT - Visited page: /doc_tracking/RGVwRWRCQUNfYWxsX3VzZXJfbG9ncy5waHA | Page: /doc_tracking/RGVwRWRCQUNfYWxsX3VzZXJfbG9ncy5waHA | IP: ::1 | Office: unknown
[2025-07-04 03:51:11] INFO [superadmin] superadmin (backdoor) - VIEW_ALL_LOGS - Accessed universal activity logs dashboard | Page: /doc_tracking/RGVwRWRCQUNfYWxsX3VzZXJfbG9ncy5waHA | IP: ::1 | Office: unknown | Data: {"role_filter":"all","level_filter":"all","limit":200,"logs_count":179}
[2025-07-04 03:51:18] INFO [superadmin] superadmin (backdoor) - PAGE_VISIT - Visited page: /doc_tracking/RGVwRWRCQUNfYWxsX3VzZXJfbG9ncy5waHA?role=all&level=all&limit=200 | Page: /doc_tracking/RGVwRWRCQUNfYWxsX3VzZXJfbG9ncy5waHA?role=all&level=all&limit=200 | IP: ::1 | Office: unknown
[2025-07-04 03:51:18] INFO [superadmin] superadmin (backdoor) - VIEW_ALL_LOGS - Accessed universal activity logs dashboard | Page: /doc_tracking/RGVwRWRCQUNfYWxsX3VzZXJfbG9ncy5waHA?role=all&level=all&limit=200 | IP: ::1 | Office: unknown | Data: {"role_filter":"all","level_filter":"all","limit":200,"logs_count":181}
